app/build/intermediates/manifest_merge_blame_file/debug/manifest-merger-blame-debug-report.txt
1<?xml version="1.0" encoding="utf-8"?>
2<manifest xmlns:android="http://schemas.android.com/apk/res/android"
3    package="com.nathanjones.planeaboveyou"
4    android:versionCode="1"
5    android:versionName="1.0" >
6
7    <uses-sdk
8        android:minSdkVersion="26"
9        android:targetSdkVersion="34" />
10
11    <uses-permission android:name="android.permission.INTERNET" />
11-->src/main/AndroidManifest.xml:5:5-67
11-->src/main/AndroidManifest.xml:5:22-64
12    <uses-permission android:name="android.permission.ACCESS_COARSE_LOCATION" />
12-->src/main/AndroidManifest.xml:6:5-81
12-->src/main/AndroidManifest.xml:6:22-78
13    <uses-permission android:name="android.permission.ACCESS_FINE_LOCATION" />
13-->src/main/AndroidManifest.xml:7:5-79
13-->src/main/AndroidManifest.xml:7:22-76
14    <uses-permission android:name="android.permission.ACCESS_BACKGROUND_LOCATION" />
14-->src/main/AndroidManifest.xml:8:5-85
14-->src/main/AndroidManifest.xml:8:22-82
15    <uses-permission android:name="android.permission.POST_NOTIFICATIONS" />
15-->src/main/AndroidManifest.xml:9:5-77
15-->src/main/AndroidManifest.xml:9:22-74
16    <uses-permission android:name="android.permission.WAKE_LOCK" />
16-->src/main/AndroidManifest.xml:10:5-68
16-->src/main/AndroidManifest.xml:10:22-65
17    <uses-permission android:name="android.permission.FOREGROUND_SERVICE" />
17-->src/main/AndroidManifest.xml:11:5-77
17-->src/main/AndroidManifest.xml:11:22-74
18    <uses-permission android:name="android.permission.FOREGROUND_SERVICE_LOCATION" />
18-->src/main/AndroidManifest.xml:12:5-86
18-->src/main/AndroidManifest.xml:12:22-83
19    <!-- Include required permissions for Google Maps API to run. -->
20    <uses-permission android:name="android.permission.ACCESS_NETWORK_STATE" />
20-->[com.google.android.gms:play-services-maps:18.2.0] AndroidManifest.xml:23:5-79
20-->[com.google.android.gms:play-services-maps:18.2.0] AndroidManifest.xml:23:22-76
21
22    <uses-feature
22-->[com.google.android.gms:play-services-maps:18.2.0] AndroidManifest.xml:26:5-28:35
23        android:glEsVersion="0x00020000"
23-->[com.google.android.gms:play-services-maps:18.2.0] AndroidManifest.xml:27:9-41
24        android:required="true" />
24-->[com.google.android.gms:play-services-maps:18.2.0] AndroidManifest.xml:28:9-32
25
26    <queries>
26-->[com.google.android.gms:play-services-maps:18.2.0] AndroidManifest.xml:30:5-34:15
27
28        <!-- Needs to be explicitly declared on Android R+ -->
29        <package android:name="com.google.android.apps.maps" />
29-->[com.google.android.gms:play-services-maps:18.2.0] AndroidManifest.xml:33:9-64
29-->[com.google.android.gms:play-services-maps:18.2.0] AndroidManifest.xml:33:18-61
30        <!-- For browser content -->
31        <intent>
31-->[com.google.android.gms:play-services-ads-lite:22.6.0] AndroidManifest.xml:38:9-44:18
32            <action android:name="android.intent.action.VIEW" />
32-->[com.google.android.gms:play-services-ads-lite:22.6.0] AndroidManifest.xml:39:13-65
32-->[com.google.android.gms:play-services-ads-lite:22.6.0] AndroidManifest.xml:39:21-62
33
34            <category android:name="android.intent.category.BROWSABLE" />
34-->[com.google.android.gms:play-services-ads-lite:22.6.0] AndroidManifest.xml:41:13-74
34-->[com.google.android.gms:play-services-ads-lite:22.6.0] AndroidManifest.xml:41:23-71
35
36            <data android:scheme="https" />
36-->[com.google.android.gms:play-services-ads-lite:22.6.0] AndroidManifest.xml:43:13-44
36-->[com.google.android.gms:play-services-ads-lite:22.6.0] AndroidManifest.xml:43:19-41
37        </intent> <!-- End of browser content -->
38        <!-- For CustomTabsService -->
39        <intent>
39-->[com.google.android.gms:play-services-ads-lite:22.6.0] AndroidManifest.xml:47:9-49:18
40            <action android:name="android.support.customtabs.action.CustomTabsService" />
40-->[com.google.android.gms:play-services-ads-lite:22.6.0] AndroidManifest.xml:48:13-90
40-->[com.google.android.gms:play-services-ads-lite:22.6.0] AndroidManifest.xml:48:21-87
41        </intent>
42    </queries>
43
44    <uses-permission android:name="com.google.android.gms.permission.AD_ID" />
44-->[com.google.android.gms:play-services-ads-lite:22.6.0] AndroidManifest.xml:26:5-79
44-->[com.google.android.gms:play-services-ads-lite:22.6.0] AndroidManifest.xml:26:22-76
45    <uses-permission android:name="android.permission.ACCESS_ADSERVICES_AD_ID" />
45-->[com.google.android.gms:play-services-ads-lite:22.6.0] AndroidManifest.xml:27:5-82
45-->[com.google.android.gms:play-services-ads-lite:22.6.0] AndroidManifest.xml:27:22-79
46    <uses-permission android:name="android.permission.ACCESS_ADSERVICES_ATTRIBUTION" />
46-->[com.google.android.gms:play-services-ads-lite:22.6.0] AndroidManifest.xml:28:5-88
46-->[com.google.android.gms:play-services-ads-lite:22.6.0] AndroidManifest.xml:28:22-85
47    <uses-permission android:name="android.permission.ACCESS_ADSERVICES_TOPICS" />
47-->[com.google.android.gms:play-services-ads-lite:22.6.0] AndroidManifest.xml:29:5-83
47-->[com.google.android.gms:play-services-ads-lite:22.6.0] AndroidManifest.xml:29:22-80
48
49    <permission
49-->[androidx.core:core:1.12.0] AndroidManifest.xml:22:5-24:47
50        android:name="com.nathanjones.planeaboveyou.DYNAMIC_RECEIVER_NOT_EXPORTED_PERMISSION"
50-->[androidx.core:core:1.12.0] AndroidManifest.xml:23:9-81
51        android:protectionLevel="signature" />
51-->[androidx.core:core:1.12.0] AndroidManifest.xml:24:9-44
52
53    <uses-permission android:name="com.nathanjones.planeaboveyou.DYNAMIC_RECEIVER_NOT_EXPORTED_PERMISSION" />
53-->[androidx.core:core:1.12.0] AndroidManifest.xml:26:5-97
53-->[androidx.core:core:1.12.0] AndroidManifest.xml:26:22-94
54
55    <application
55-->src/main/AndroidManifest.xml:14:5-41:19
56        android:allowBackup="true"
56-->src/main/AndroidManifest.xml:15:9-35
57        android:appComponentFactory="androidx.core.app.CoreComponentFactory"
57-->[androidx.core:core:1.12.0] AndroidManifest.xml:28:18-86
58        android:debuggable="true"
59        android:extractNativeLibs="false"
60        android:icon="@android:drawable/ic_menu_myplaces"
60-->src/main/AndroidManifest.xml:16:9-58
61        android:label="@string/app_name"
61-->src/main/AndroidManifest.xml:17:9-41
62        android:roundIcon="@android:drawable/ic_menu_myplaces"
62-->src/main/AndroidManifest.xml:18:9-63
63        android:supportsRtl="true"
63-->src/main/AndroidManifest.xml:19:9-35
64        android:theme="@style/Theme.PlaneAboveYou" >
64-->src/main/AndroidManifest.xml:20:9-51
65        <meta-data
65-->src/main/AndroidManifest.xml:23:9-25:70
66            android:name="com.google.android.gms.ads.APPLICATION_ID"
66-->src/main/AndroidManifest.xml:24:13-69
67            android:value="ca-app-pub-2527367977978685~1234567890" />
67-->src/main/AndroidManifest.xml:25:13-67
68        <meta-data
68-->src/main/AndroidManifest.xml:26:9-28:60
69            android:name="com.google.android.geo.API_KEY"
69-->src/main/AndroidManifest.xml:27:13-58
70            android:value="AIzaSyDummyKeyForTestingOnly" />
70-->src/main/AndroidManifest.xml:28:13-57
71
72        <activity
72-->src/main/AndroidManifest.xml:30:9-40:20
73            android:name="com.nathanjones.planeaboveyou.MainActivity"
73-->src/main/AndroidManifest.xml:31:13-41
74            android:configChanges="orientation|screenSize|keyboardHidden"
74-->src/main/AndroidManifest.xml:34:13-74
75            android:exported="true"
75-->src/main/AndroidManifest.xml:32:13-36
76            android:label="@string/app_name"
76-->src/main/AndroidManifest.xml:33:13-45
77            android:theme="@style/Theme.PlaneAboveYou.NoActionBar" >
77-->src/main/AndroidManifest.xml:35:13-67
78            <intent-filter>
78-->src/main/AndroidManifest.xml:36:13-39:29
79                <action android:name="android.intent.action.MAIN" />
79-->src/main/AndroidManifest.xml:37:17-69
79-->src/main/AndroidManifest.xml:37:25-66
80
81                <category android:name="android.intent.category.LAUNCHER" />
81-->src/main/AndroidManifest.xml:38:17-77
81-->src/main/AndroidManifest.xml:38:27-74
82            </intent-filter>
83        </activity>
84        <!-- Needs to be explicitly declared on P+ -->
85        <uses-library
85-->[com.google.android.gms:play-services-maps:18.2.0] AndroidManifest.xml:39:9-41:40
86            android:name="org.apache.http.legacy"
86-->[com.google.android.gms:play-services-maps:18.2.0] AndroidManifest.xml:40:13-50
87            android:required="false" />
87-->[com.google.android.gms:play-services-maps:18.2.0] AndroidManifest.xml:41:13-37
88
89        <activity
89-->[com.google.android.gms:play-services-base:18.1.0] AndroidManifest.xml:20:9-22:45
90            android:name="com.google.android.gms.common.api.GoogleApiActivity"
90-->[com.google.android.gms:play-services-base:18.1.0] AndroidManifest.xml:20:19-85
91            android:exported="false"
91-->[com.google.android.gms:play-services-base:18.1.0] AndroidManifest.xml:22:19-43
92            android:theme="@android:style/Theme.Translucent.NoTitleBar" />
92-->[com.google.android.gms:play-services-base:18.1.0] AndroidManifest.xml:21:19-78
93        <activity
93-->[androidx.compose.ui:ui-tooling-android:1.6.1] AndroidManifest.xml:23:9-25:39
94            android:name="androidx.compose.ui.tooling.PreviewActivity"
94-->[androidx.compose.ui:ui-tooling-android:1.6.1] AndroidManifest.xml:24:13-71
95            android:exported="true" /> <!-- Include the AdActivity and InAppPurchaseActivity configChanges and themes. -->
95-->[androidx.compose.ui:ui-tooling-android:1.6.1] AndroidManifest.xml:25:13-36
96        <activity
96-->[com.google.android.gms:play-services-ads-lite:22.6.0] AndroidManifest.xml:56:9-61:43
97            android:name="com.google.android.gms.ads.AdActivity"
97-->[com.google.android.gms:play-services-ads-lite:22.6.0] AndroidManifest.xml:57:13-65
98            android:configChanges="keyboard|keyboardHidden|orientation|screenLayout|uiMode|screenSize|smallestScreenSize"
98-->[com.google.android.gms:play-services-ads-lite:22.6.0] AndroidManifest.xml:58:13-122
99            android:exported="false"
99-->[com.google.android.gms:play-services-ads-lite:22.6.0] AndroidManifest.xml:59:13-37
100            android:theme="@android:style/Theme.Translucent" />
100-->[com.google.android.gms:play-services-ads-lite:22.6.0] AndroidManifest.xml:60:13-61
101
102        <provider
102-->[com.google.android.gms:play-services-ads-lite:22.6.0] AndroidManifest.xml:63:9-68:43
103            android:name="com.google.android.gms.ads.MobileAdsInitProvider"
103-->[com.google.android.gms:play-services-ads-lite:22.6.0] AndroidManifest.xml:64:13-76
104            android:authorities="com.nathanjones.planeaboveyou.mobileadsinitprovider"
104-->[com.google.android.gms:play-services-ads-lite:22.6.0] AndroidManifest.xml:65:13-73
105            android:exported="false"
105-->[com.google.android.gms:play-services-ads-lite:22.6.0] AndroidManifest.xml:66:13-37
106            android:initOrder="100" />
106-->[com.google.android.gms:play-services-ads-lite:22.6.0] AndroidManifest.xml:67:13-36
107
108        <service
108-->[com.google.android.gms:play-services-ads-lite:22.6.0] AndroidManifest.xml:70:9-74:43
109            android:name="com.google.android.gms.ads.AdService"
109-->[com.google.android.gms:play-services-ads-lite:22.6.0] AndroidManifest.xml:71:13-64
110            android:enabled="true"
110-->[com.google.android.gms:play-services-ads-lite:22.6.0] AndroidManifest.xml:72:13-35
111            android:exported="false" />
111-->[com.google.android.gms:play-services-ads-lite:22.6.0] AndroidManifest.xml:73:13-37
112
113        <activity
113-->[com.google.android.gms:play-services-ads-lite:22.6.0] AndroidManifest.xml:76:9-80:43
114            android:name="com.google.android.gms.ads.OutOfContextTestingActivity"
114-->[com.google.android.gms:play-services-ads-lite:22.6.0] AndroidManifest.xml:77:13-82
115            android:configChanges="keyboard|keyboardHidden|orientation|screenLayout|uiMode|screenSize|smallestScreenSize"
115-->[com.google.android.gms:play-services-ads-lite:22.6.0] AndroidManifest.xml:78:13-122
116            android:exported="false" />
116-->[com.google.android.gms:play-services-ads-lite:22.6.0] AndroidManifest.xml:79:13-37
117        <activity
117-->[com.google.android.gms:play-services-ads-lite:22.6.0] AndroidManifest.xml:81:9-88:43
118            android:name="com.google.android.gms.ads.NotificationHandlerActivity"
118-->[com.google.android.gms:play-services-ads-lite:22.6.0] AndroidManifest.xml:82:13-82
119            android:excludeFromRecents="true"
119-->[com.google.android.gms:play-services-ads-lite:22.6.0] AndroidManifest.xml:83:13-46
120            android:exported="false"
120-->[com.google.android.gms:play-services-ads-lite:22.6.0] AndroidManifest.xml:84:13-37
121            android:launchMode="singleTask"
121-->[com.google.android.gms:play-services-ads-lite:22.6.0] AndroidManifest.xml:85:13-44
122            android:taskAffinity=""
122-->[com.google.android.gms:play-services-ads-lite:22.6.0] AndroidManifest.xml:86:13-36
123            android:theme="@android:style/Theme.Translucent.NoTitleBar" />
123-->[com.google.android.gms:play-services-ads-lite:22.6.0] AndroidManifest.xml:87:13-72
124
125        <property
125-->[com.google.android.gms:play-services-ads-lite:22.6.0] AndroidManifest.xml:90:9-92:62
126            android:name="android.adservices.AD_SERVICES_CONFIG"
126-->[com.google.android.gms:play-services-ads-lite:22.6.0] AndroidManifest.xml:91:13-65
127            android:resource="@xml/gma_ad_services_config" />
127-->[com.google.android.gms:play-services-ads-lite:22.6.0] AndroidManifest.xml:92:13-59
128
129        <provider
129-->[androidx.work:work-runtime:2.7.0] AndroidManifest.xml:31:9-39:20
130            android:name="androidx.startup.InitializationProvider"
130-->[androidx.work:work-runtime:2.7.0] AndroidManifest.xml:32:13-67
131            android:authorities="com.nathanjones.planeaboveyou.androidx-startup"
131-->[androidx.work:work-runtime:2.7.0] AndroidManifest.xml:33:13-68
132            android:exported="false" >
132-->[androidx.work:work-runtime:2.7.0] AndroidManifest.xml:34:13-37
133            <meta-data
133-->[androidx.work:work-runtime:2.7.0] AndroidManifest.xml:36:13-38:52
134                android:name="androidx.work.WorkManagerInitializer"
134-->[androidx.work:work-runtime:2.7.0] AndroidManifest.xml:37:17-68
135                android:value="androidx.startup" />
135-->[androidx.work:work-runtime:2.7.0] AndroidManifest.xml:38:17-49
136            <meta-data
136-->[androidx.emoji2:emoji2:1.3.0] AndroidManifest.xml:29:13-31:52
137                android:name="androidx.emoji2.text.EmojiCompatInitializer"
137-->[androidx.emoji2:emoji2:1.3.0] AndroidManifest.xml:30:17-75
138                android:value="androidx.startup" />
138-->[androidx.emoji2:emoji2:1.3.0] AndroidManifest.xml:31:17-49
139            <meta-data
139-->[androidx.lifecycle:lifecycle-process:2.7.0] AndroidManifest.xml:29:13-31:52
140                android:name="androidx.lifecycle.ProcessLifecycleInitializer"
140-->[androidx.lifecycle:lifecycle-process:2.7.0] AndroidManifest.xml:30:17-78
141                android:value="androidx.startup" />
141-->[androidx.lifecycle:lifecycle-process:2.7.0] AndroidManifest.xml:31:17-49
142            <meta-data
142-->[androidx.profileinstaller:profileinstaller:1.3.0] AndroidManifest.xml:29:13-31:52
143                android:name="androidx.profileinstaller.ProfileInstallerInitializer"
143-->[androidx.profileinstaller:profileinstaller:1.3.0] AndroidManifest.xml:30:17-85
144                android:value="androidx.startup" />
144-->[androidx.profileinstaller:profileinstaller:1.3.0] AndroidManifest.xml:31:17-49
145        </provider>
146
147        <service
147-->[androidx.work:work-runtime:2.7.0] AndroidManifest.xml:41:9-46:35
148            android:name="androidx.work.impl.background.systemalarm.SystemAlarmService"
148-->[androidx.work:work-runtime:2.7.0] AndroidManifest.xml:42:13-88
149            android:directBootAware="false"
149-->[androidx.work:work-runtime:2.7.0] AndroidManifest.xml:43:13-44
150            android:enabled="@bool/enable_system_alarm_service_default"
150-->[androidx.work:work-runtime:2.7.0] AndroidManifest.xml:44:13-72
151            android:exported="false" />
151-->[androidx.work:work-runtime:2.7.0] AndroidManifest.xml:45:13-37
152        <service
152-->[androidx.work:work-runtime:2.7.0] AndroidManifest.xml:47:9-53:35
153            android:name="androidx.work.impl.background.systemjob.SystemJobService"
153-->[androidx.work:work-runtime:2.7.0] AndroidManifest.xml:48:13-84
154            android:directBootAware="false"
154-->[androidx.work:work-runtime:2.7.0] AndroidManifest.xml:49:13-44
155            android:enabled="@bool/enable_system_job_service_default"
155-->[androidx.work:work-runtime:2.7.0] AndroidManifest.xml:50:13-70
156            android:exported="true"
156-->[androidx.work:work-runtime:2.7.0] AndroidManifest.xml:51:13-36
157            android:permission="android.permission.BIND_JOB_SERVICE" />
157-->[androidx.work:work-runtime:2.7.0] AndroidManifest.xml:52:13-69
158        <service
158-->[androidx.work:work-runtime:2.7.0] AndroidManifest.xml:54:9-59:35
159            android:name="androidx.work.impl.foreground.SystemForegroundService"
159-->[androidx.work:work-runtime:2.7.0] AndroidManifest.xml:55:13-81
160            android:directBootAware="false"
160-->[androidx.work:work-runtime:2.7.0] AndroidManifest.xml:56:13-44
161            android:enabled="@bool/enable_system_foreground_service_default"
161-->[androidx.work:work-runtime:2.7.0] AndroidManifest.xml:57:13-77
162            android:exported="false" />
162-->[androidx.work:work-runtime:2.7.0] AndroidManifest.xml:58:13-37
163
164        <receiver
164-->[androidx.work:work-runtime:2.7.0] AndroidManifest.xml:61:9-66:35
165            android:name="androidx.work.impl.utils.ForceStopRunnable$BroadcastReceiver"
165-->[androidx.work:work-runtime:2.7.0] AndroidManifest.xml:62:13-88
166            android:directBootAware="false"
166-->[androidx.work:work-runtime:2.7.0] AndroidManifest.xml:63:13-44
167            android:enabled="true"
167-->[androidx.work:work-runtime:2.7.0] AndroidManifest.xml:64:13-35
168            android:exported="false" />
168-->[androidx.work:work-runtime:2.7.0] AndroidManifest.xml:65:13-37
169        <receiver
169-->[androidx.work:work-runtime:2.7.0] AndroidManifest.xml:67:9-77:20
170            android:name="androidx.work.impl.background.systemalarm.ConstraintProxy$BatteryChargingProxy"
170-->[androidx.work:work-runtime:2.7.0] AndroidManifest.xml:68:13-106
171            android:directBootAware="false"
171-->[androidx.work:work-runtime:2.7.0] AndroidManifest.xml:69:13-44
172            android:enabled="false"
172-->[androidx.work:work-runtime:2.7.0] AndroidManifest.xml:70:13-36
173            android:exported="false" >
173-->[androidx.work:work-runtime:2.7.0] AndroidManifest.xml:71:13-37
174            <intent-filter>
174-->[androidx.work:work-runtime:2.7.0] AndroidManifest.xml:73:13-76:29
175                <action android:name="android.intent.action.ACTION_POWER_CONNECTED" />
175-->[androidx.work:work-runtime:2.7.0] AndroidManifest.xml:74:17-87
175-->[androidx.work:work-runtime:2.7.0] AndroidManifest.xml:74:25-84
176                <action android:name="android.intent.action.ACTION_POWER_DISCONNECTED" />
176-->[androidx.work:work-runtime:2.7.0] AndroidManifest.xml:75:17-90
176-->[androidx.work:work-runtime:2.7.0] AndroidManifest.xml:75:25-87
177            </intent-filter>
178        </receiver>
179        <receiver
179-->[androidx.work:work-runtime:2.7.0] AndroidManifest.xml:78:9-88:20
180            android:name="androidx.work.impl.background.systemalarm.ConstraintProxy$BatteryNotLowProxy"
180-->[androidx.work:work-runtime:2.7.0] AndroidManifest.xml:79:13-104
181            android:directBootAware="false"
181-->[androidx.work:work-runtime:2.7.0] AndroidManifest.xml:80:13-44
182            android:enabled="false"
182-->[androidx.work:work-runtime:2.7.0] AndroidManifest.xml:81:13-36
183            android:exported="false" >
183-->[androidx.work:work-runtime:2.7.0] AndroidManifest.xml:82:13-37
184            <intent-filter>
184-->[androidx.work:work-runtime:2.7.0] AndroidManifest.xml:84:13-87:29
185                <action android:name="android.intent.action.BATTERY_OKAY" />
185-->[androidx.work:work-runtime:2.7.0] AndroidManifest.xml:85:17-77
185-->[androidx.work:work-runtime:2.7.0] AndroidManifest.xml:85:25-74
186                <action android:name="android.intent.action.BATTERY_LOW" />
186-->[androidx.work:work-runtime:2.7.0] AndroidManifest.xml:86:17-76
186-->[androidx.work:work-runtime:2.7.0] AndroidManifest.xml:86:25-73
187            </intent-filter>
188        </receiver>
189        <receiver
189-->[androidx.work:work-runtime:2.7.0] AndroidManifest.xml:89:9-99:20
190            android:name="androidx.work.impl.background.systemalarm.ConstraintProxy$StorageNotLowProxy"
190-->[androidx.work:work-runtime:2.7.0] AndroidManifest.xml:90:13-104
191            android:directBootAware="false"
191-->[androidx.work:work-runtime:2.7.0] AndroidManifest.xml:91:13-44
192            android:enabled="false"
192-->[androidx.work:work-runtime:2.7.0] AndroidManifest.xml:92:13-36
193            android:exported="false" >
193-->[androidx.work:work-runtime:2.7.0] AndroidManifest.xml:93:13-37
194            <intent-filter>
194-->[androidx.work:work-runtime:2.7.0] AndroidManifest.xml:95:13-98:29
195                <action android:name="android.intent.action.DEVICE_STORAGE_LOW" />
195-->[androidx.work:work-runtime:2.7.0] AndroidManifest.xml:96:17-83
195-->[androidx.work:work-runtime:2.7.0] AndroidManifest.xml:96:25-80
196                <action android:name="android.intent.action.DEVICE_STORAGE_OK" />
196-->[androidx.work:work-runtime:2.7.0] AndroidManifest.xml:97:17-82
196-->[androidx.work:work-runtime:2.7.0] AndroidManifest.xml:97:25-79
197            </intent-filter>
198        </receiver>
199        <receiver
199-->[androidx.work:work-runtime:2.7.0] AndroidManifest.xml:100:9-109:20
200            android:name="androidx.work.impl.background.systemalarm.ConstraintProxy$NetworkStateProxy"
200-->[androidx.work:work-runtime:2.7.0] AndroidManifest.xml:101:13-103
201            android:directBootAware="false"
201-->[androidx.work:work-runtime:2.7.0] AndroidManifest.xml:102:13-44
202            android:enabled="false"
202-->[androidx.work:work-runtime:2.7.0] AndroidManifest.xml:103:13-36
203            android:exported="false" >
203-->[androidx.work:work-runtime:2.7.0] AndroidManifest.xml:104:13-37
204            <intent-filter>
204-->[androidx.work:work-runtime:2.7.0] AndroidManifest.xml:106:13-108:29
205                <action android:name="android.net.conn.CONNECTIVITY_CHANGE" />
205-->[androidx.work:work-runtime:2.7.0] AndroidManifest.xml:107:17-79
205-->[androidx.work:work-runtime:2.7.0] AndroidManifest.xml:107:25-76
206            </intent-filter>
207        </receiver>
208        <receiver
208-->[androidx.work:work-runtime:2.7.0] AndroidManifest.xml:110:9-121:20
209            android:name="androidx.work.impl.background.systemalarm.RescheduleReceiver"
209-->[androidx.work:work-runtime:2.7.0] AndroidManifest.xml:111:13-88
210            android:directBootAware="false"
210-->[androidx.work:work-runtime:2.7.0] AndroidManifest.xml:112:13-44
211            android:enabled="false"
211-->[androidx.work:work-runtime:2.7.0] AndroidManifest.xml:113:13-36
212            android:exported="false" >
212-->[androidx.work:work-runtime:2.7.0] AndroidManifest.xml:114:13-37
213            <intent-filter>
213-->[androidx.work:work-runtime:2.7.0] AndroidManifest.xml:116:13-120:29
214                <action android:name="android.intent.action.BOOT_COMPLETED" />
214-->[androidx.work:work-runtime:2.7.0] AndroidManifest.xml:117:17-79
214-->[androidx.work:work-runtime:2.7.0] AndroidManifest.xml:117:25-76
215                <action android:name="android.intent.action.TIME_SET" />
215-->[androidx.work:work-runtime:2.7.0] AndroidManifest.xml:118:17-73
215-->[androidx.work:work-runtime:2.7.0] AndroidManifest.xml:118:25-70
216                <action android:name="android.intent.action.TIMEZONE_CHANGED" />
216-->[androidx.work:work-runtime:2.7.0] AndroidManifest.xml:119:17-81
216-->[androidx.work:work-runtime:2.7.0] AndroidManifest.xml:119:25-78
217            </intent-filter>
218        </receiver>
219        <receiver
219-->[androidx.work:work-runtime:2.7.0] AndroidManifest.xml:122:9-131:20
220            android:name="androidx.work.impl.background.systemalarm.ConstraintProxyUpdateReceiver"
220-->[androidx.work:work-runtime:2.7.0] AndroidManifest.xml:123:13-99
221            android:directBootAware="false"
221-->[androidx.work:work-runtime:2.7.0] AndroidManifest.xml:124:13-44
222            android:enabled="@bool/enable_system_alarm_service_default"
222-->[androidx.work:work-runtime:2.7.0] AndroidManifest.xml:125:13-72
223            android:exported="false" >
223-->[androidx.work:work-runtime:2.7.0] AndroidManifest.xml:126:13-37
224            <intent-filter>
224-->[androidx.work:work-runtime:2.7.0] AndroidManifest.xml:128:13-130:29
225                <action android:name="androidx.work.impl.background.systemalarm.UpdateProxies" />
225-->[androidx.work:work-runtime:2.7.0] AndroidManifest.xml:129:17-98
225-->[androidx.work:work-runtime:2.7.0] AndroidManifest.xml:129:25-95
226            </intent-filter>
227        </receiver>
228        <receiver
228-->[androidx.work:work-runtime:2.7.0] AndroidManifest.xml:132:9-142:20
229            android:name="androidx.work.impl.diagnostics.DiagnosticsReceiver"
229-->[androidx.work:work-runtime:2.7.0] AndroidManifest.xml:133:13-78
230            android:directBootAware="false"
230-->[androidx.work:work-runtime:2.7.0] AndroidManifest.xml:134:13-44
231            android:enabled="true"
231-->[androidx.work:work-runtime:2.7.0] AndroidManifest.xml:135:13-35
232            android:exported="true"
232-->[androidx.work:work-runtime:2.7.0] AndroidManifest.xml:136:13-36
233            android:permission="android.permission.DUMP" >
233-->[androidx.work:work-runtime:2.7.0] AndroidManifest.xml:137:13-57
234            <intent-filter>
234-->[androidx.work:work-runtime:2.7.0] AndroidManifest.xml:139:13-141:29
235                <action android:name="androidx.work.diagnostics.REQUEST_DIAGNOSTICS" />
235-->[androidx.work:work-runtime:2.7.0] AndroidManifest.xml:140:17-88
235-->[androidx.work:work-runtime:2.7.0] AndroidManifest.xml:140:25-85
236            </intent-filter>
237        </receiver>
238
239        <uses-library
239-->[androidx.window:window:1.0.0] AndroidManifest.xml:25:9-27:40
240            android:name="androidx.window.extensions"
240-->[androidx.window:window:1.0.0] AndroidManifest.xml:26:13-54
241            android:required="false" />
241-->[androidx.window:window:1.0.0] AndroidManifest.xml:27:13-37
242        <uses-library
242-->[androidx.window:window:1.0.0] AndroidManifest.xml:28:9-30:40
243            android:name="androidx.window.sidecar"
243-->[androidx.window:window:1.0.0] AndroidManifest.xml:29:13-51
244            android:required="false" />
244-->[androidx.window:window:1.0.0] AndroidManifest.xml:30:13-37
245        <uses-library
245-->[androidx.privacysandbox.ads:ads-adservices:1.0.0-beta05] AndroidManifest.xml:23:9-25:40
246            android:name="android.ext.adservices"
246-->[androidx.privacysandbox.ads:ads-adservices:1.0.0-beta05] AndroidManifest.xml:24:13-50
247            android:required="false" />
247-->[androidx.privacysandbox.ads:ads-adservices:1.0.0-beta05] AndroidManifest.xml:25:13-37
248
249        <meta-data
249-->[com.google.android.gms:play-services-basement:18.2.0] AndroidManifest.xml:21:9-23:69
250            android:name="com.google.android.gms.version"
250-->[com.google.android.gms:play-services-basement:18.2.0] AndroidManifest.xml:22:13-58
251            android:value="@integer/google_play_services_version" />
251-->[com.google.android.gms:play-services-basement:18.2.0] AndroidManifest.xml:23:13-66
252
253        <service
253-->[androidx.room:room-runtime:2.2.5] AndroidManifest.xml:25:9-28:40
254            android:name="androidx.room.MultiInstanceInvalidationService"
254-->[androidx.room:room-runtime:2.2.5] AndroidManifest.xml:26:13-74
255            android:directBootAware="true"
255-->[androidx.room:room-runtime:2.2.5] AndroidManifest.xml:27:13-43
256            android:exported="false" />
256-->[androidx.room:room-runtime:2.2.5] AndroidManifest.xml:28:13-37
257
258        <receiver
258-->[androidx.profileinstaller:profileinstaller:1.3.0] AndroidManifest.xml:34:9-52:20
259            android:name="androidx.profileinstaller.ProfileInstallReceiver"
259-->[androidx.profileinstaller:profileinstaller:1.3.0] AndroidManifest.xml:35:13-76
260            android:directBootAware="false"
260-->[androidx.profileinstaller:profileinstaller:1.3.0] AndroidManifest.xml:36:13-44
261            android:enabled="true"
261-->[androidx.profileinstaller:profileinstaller:1.3.0] AndroidManifest.xml:37:13-35
262            android:exported="true"
262-->[androidx.profileinstaller:profileinstaller:1.3.0] AndroidManifest.xml:38:13-36
263            android:permission="android.permission.DUMP" >
263-->[androidx.profileinstaller:profileinstaller:1.3.0] AndroidManifest.xml:39:13-57
264            <intent-filter>
264-->[androidx.profileinstaller:profileinstaller:1.3.0] AndroidManifest.xml:40:13-42:29
265                <action android:name="androidx.profileinstaller.action.INSTALL_PROFILE" />
265-->[androidx.profileinstaller:profileinstaller:1.3.0] AndroidManifest.xml:41:17-91
265-->[androidx.profileinstaller:profileinstaller:1.3.0] AndroidManifest.xml:41:25-88
266            </intent-filter>
267            <intent-filter>
267-->[androidx.profileinstaller:profileinstaller:1.3.0] AndroidManifest.xml:43:13-45:29